<?xml version="1.0" encoding="UTF-8"?>
<testng-results ignored="0" total="1" passed="1" failed="0" skipped="0">
  <reporter-output>
  </reporter-output>
  <suite started-at="2023-06-30T06:38:28Z" name="Suite" finished-at="2023-06-30T06:38:40Z" duration-ms="11698">
    <groups>
    </groups>
    <test started-at="2023-06-30T06:38:28Z" name="Test" finished-at="2023-06-30T06:38:40Z" duration-ms="11698">
      <class name="Test5.facebook1">
        <test-method is-config="true" signature="reports()[pri:0, instance:Test5.facebook1@6f19ac19]" started-at="2023-06-30T06:38:28Z" name="reports" finished-at="2023-06-30T06:38:28Z" duration-ms="193" status="PASS">
          <reporter-output>
          </reporter-output>
        </test-method> <!-- reports -->
        <test-method is-config="true" signature="login(java.lang.reflect.Method)[pri:0, instance:Test5.facebook1@6f19ac19]" started-at="2023-06-30T06:38:28Z" name="login" finished-at="2023-06-30T06:38:35Z" duration-ms="6938" status="PASS">
          <params>
            <param index="0">
              <value>
                <![CDATA[public void Test5.facebook1.test5()]]>
              </value>
            </param>
          </params>
          <reporter-output>
          </reporter-output>
        </test-method> <!-- login -->
        <test-method signature="test5()[pri:0, instance:Test5.facebook1@6f19ac19]" started-at="2023-06-30T06:38:35Z" name="test5" finished-at="2023-06-30T06:38:38Z" duration-ms="2477" status="PASS">
          <reporter-output>
          </reporter-output>
        </test-method> <!-- test5 -->
        <test-method is-config="true" signature="teardown()[pri:0, instance:Test5.facebook1@6f19ac19]" started-at="2023-06-30T06:38:38Z" name="teardown" finished-at="2023-06-30T06:38:39Z" duration-ms="1745" status="PASS">
          <reporter-output>
          </reporter-output>
        </test-method> <!-- teardown -->
        <test-method is-config="true" signature="generate()[pri:0, instance:Test5.facebook1@6f19ac19]" started-at="2023-06-30T06:38:39Z" name="generate" finished-at="2023-06-30T06:38:40Z" duration-ms="320" status="PASS">
          <reporter-output>
          </reporter-output>
        </test-method> <!-- generate -->
      </class> <!-- Test5.facebook1 -->
    </test> <!-- Test -->
  </suite> <!-- Suite -->
</testng-results>
